<?xml version="1.0" encoding="UTF-8"?>
<testng-results skipped="0" failed="0" total="2" passed="2">
  <reporter-output>
  </reporter-output>
  <suite name="Default suite" duration-ms="8754" started-at="2019-12-04T07:13:07Z" finished-at="2019-12-04T07:13:15Z">
    <groups>
    </groups>
    <test name="Default test" duration-ms="8754" started-at="2019-12-04T07:13:07Z" finished-at="2019-12-04T07:13:15Z">
      <class name="tests.FirstSeleniumWebDriverScript">
        <test-method status="PASS" signature="firefoxTest()[pri:0, instance:tests.FirstSeleniumWebDriverScript@64c64813]" name="firefoxTest" duration-ms="3440" started-at="2019-12-04T12:43:07Z" finished-at="2019-12-04T12:43:10Z">
          <reporter-output>
          </reporter-output>
        </test-method> <!-- firefoxTest -->
        <test-method status="PASS" signature="launchTest()[pri:0, instance:tests.FirstSeleniumWebDriverScript@64c64813]" name="launchTest" duration-ms="5303" started-at="2019-12-04T12:43:10Z" finished-at="2019-12-04T12:43:15Z">
          <reporter-output>
          </reporter-output>
        </test-method> <!-- launchTest -->
      </class> <!-- tests.FirstSeleniumWebDriverScript -->
    </test> <!-- Default test -->
  </suite> <!-- Default suite -->
</testng-results>
